./datas/*.csv
./src/icon/*
./src/mdimage/*
./src/data/*
./src/nohup.out
./__pycache__/*
./*/__pycache__/*
./*/.ipynb_checkpoints/*
./.github/*
./.gitignore
./.ipynb_checkpoints/*
./ptuning/output/*
./ptuning/*.out
./*/results/*
./*/*/*.log.*
./*/*/nohup.out
./*/*/*.log
./*/*/*.bin
./datas/*.xlsx
./*/*.pkl
./*/*.json
./*/*.onnx
./*/model_bak/*
./*/model/*.zip
./*/model/hnsw*
./*/datas/*.txt
./*/model/saved_dict/*
./*/model/dl_model/pks_chinese.zip
./*/model/dl_model/chinese-bert-wwm-ext/*
./*/model/dl_model/bert_base_chinese/*
./*/model/dl_model/roberta/*
./*/model/dl_model/xlnet/*
./*/model/dl_model/bert/*
./*/model/onnx_model/*
./*/model/fasttext.model
./*/model/embedding/*
./voc_app_bak/model/*
./train/models/*
./train/models/*
./train/models/saved_model/*
./train/models_bak/*
./*/*.pt
./*/*.txt